  Bugs-MNCA.cpp
C:\Users\Jay Motamarry\Desktop\Buggy\Bugs-MNCA\Bugs-MNCA.cpp(9,46): warning C4244: 'argument': conversion from 'const float' to 'unsigned int', possible loss of data
C:\Users\Jay Motamarry\Desktop\Buggy\Bugs-MNCA\Bugs-MNCA.cpp(9,40): warning C4244: 'argument': conversion from 'const float' to 'unsigned int', possible loss of data
C:\Users\Jay Motamarry\Desktop\Buggy\Bugs-MNCA\Bugs-MNCA.cpp(14,19): warning C4244: 'argument': conversion from 'const float' to 'unsigned int', possible loss of data
C:\Users\Jay Motamarry\Desktop\Buggy\Bugs-MNCA\Bugs-MNCA.cpp(14,13): warning C4244: 'argument': conversion from 'const float' to 'unsigned int', possible loss of data
C:\Users\Jay Motamarry\Desktop\Buggy\Bugs-MNCA\Bugs-MNCA.cpp(54,53): warning C4244: 'argument': conversion from 'T' to 'T', possible loss of data
          with
          [
              T=int
          ]
          and
          [
              T=float
          ]
  Generating code
  0 of 75 functions ( 0.0%) were compiled, the rest were copied from previous compilation.
    0 functions were new in current compilation
    0 functions had inline decision re-evaluated but remain unchanged
  Finished generating code
  Bugs-MNCA.vcxproj -> C:\Users\Jay Motamarry\Desktop\Buggy\x64\Release\Bugs-MNCA.exe
